[2019-08-01 04:55:36] local.ERROR: The resource owner or authorization server denied the request. {"exception":"[object] (League\\OAuth2\\Server\\Exception\\OAuthServerException(code: 9): The resource owner or authorization server denied the request. at /home/shagunchauhan/Dayuser/Projects/OS-LaravelAngular/backend/vendor/league/oauth2-server/src/Exception/OAuthServerException.php:223, InvalidArgumentException(code: 0): The JWT string must have two dots at /home/shagunchauhan/Dayuser/Projects/OS-LaravelAngular/backend/vendor/lcobucci/jwt/src/Parser.php:95)
[stacktrace]
#0 /home/shagunchauhan/Dayuser/Projects/OS-LaravelAngular/backend/vendor/league/oauth2-server/src/AuthorizationValidators/BearerTokenValidator.php(100): League\\OAuth2\\Server\\Exception\\OAuthServerException::accessDenied('The JWT string ...', NULL, Object(InvalidArgumentException))
#1 /home/shagunchauhan/Dayuser/Projects/OS-LaravelAngular/backend/vendor/league/oauth2-server/src/ResourceServer.php(84): League\\OAuth2\\Server\\AuthorizationValidators\\BearerTokenValidator->validateAuthorization(Object(Zend\\Diactoros\\ServerRequest))
#2 /home/shagunchauhan/Dayuser/Projects/OS-LaravelAngular/backend/vendor/laravel/passport/src/Guards/TokenGuard.php(174): League\\OAuth2\\Server\\ResourceServer->validateAuthenticatedRequest(Object(Zend\\Diactoros\\ServerRequest))
#3 /home/shagunchauhan/Dayuser/Projects/OS-LaravelAngular/backend/vendor/laravel/passport/src/Guards/TokenGuard.php(126): Laravel\\Passport\\Guards\\TokenGuard->getPsrRequestViaBearerToken(Object(Illuminate\\Http\\Request))
#4 /home/shagunchauhan/Dayuser/Projects/OS-LaravelAngular/backend/vendor/laravel/passport/src/Guards/TokenGuard.php(89): Laravel\\Passport\\Guards\\TokenGuard->authenticateViaBearerToken(Object(Illuminate\\Http\\Request))
#5 /home/shagunchauhan/Dayuser/Projects/OS-LaravelAngular/backend/vendor/laravel/passport/src/PassportServiceProvider.php(275): Laravel\\Passport\\Guards\\TokenGuard->user(Object(Illuminate\\Http\\Request))
#6 [internal function]: Laravel\\Passport\\PassportServiceProvider->Laravel\\Passport\\{closure}(Object(Illuminate\\Http\\Request), NULL)
#7 /home/shagunchauhan/Dayuser/Projects/OS-LaravelAngular/backend/vendor/laravel/framework/src/Illuminate/Auth/RequestGuard.php(58): call_user_func(Object(Closure), Object(Illuminate\\Http\\Request), NULL)
#8 /home/shagunchauhan/Dayuser/Projects/OS-LaravelAngular/backend/vendor/laravel/framework/src/Illuminate/Auth/GuardHelpers.php(60): Illuminate\\Auth\\RequestGuard->user()
#9 /home/shagunchauhan/Dayuser/Projects/OS-LaravelAngular/backend/vendor/laravel/framework/src/Illuminate/Auth/Middleware/Authenticate.php(62): Illuminate\\Auth\\RequestGuard->check()
#10 /home/shagunchauhan/Dayuser/Projects/OS-LaravelAngular/backend/vendor/laravel/framework/src/Illuminate/Auth/Middleware/Authenticate.php(41): Illuminate\\Auth\\Middleware\\Authenticate->authenticate(Object(Illuminate\\Http\\Request), Array)
#11 /home/shagunchauhan/Dayuser/Projects/OS-LaravelAngular/backend/vendor/laravel/framework/src/Illuminate/Pipeline/Pipeline.php(163): Illuminate\\Auth\\Middleware\\Authenticate->handle(Object(Illuminate\\Http\\Request), Object(Closure), 'api')
#12 /home/shagunchauhan/Dayuser/Projects/OS-LaravelAngular/backend/vendor/laravel/framework/src/Illuminate/Routing/Pipeline.php(53): Illuminate\\Pipeline\\Pipeline->Illuminate\\Pipeline\\{closure}(Object(Illuminate\\Http\\Request))
#13 /home/shagunchauhan/Dayuser/Projects/OS-LaravelAngular/backend/vendor/laravel/framework/src/Illuminate/Routing/Middleware/ThrottleRequests.php(58): Illuminate\\Routing\\Pipeline->Illuminate\\Routing\\{closure}(Object(Illuminate\\Http\\Request))
#14 /home/shagunchauhan/Dayuser/Projects/OS-LaravelAngular/backend/vendor/laravel/framework/src/Illuminate/Pipeline/Pipeline.php(163): Illuminate\\Routing\\Middleware\\ThrottleRequests->handle(Object(Illuminate\\Http\\Request), Object(Closure), 60, '1')
#15 /home/shagunchauhan/Dayuser/Projects/OS-LaravelAngular/backend/vendor/laravel/framework/src/Illuminate/Routing/Pipeline.php(53): Illuminate\\Pipeline\\Pipeline->Illuminate\\Pipeline\\{closure}(Object(Illuminate\\Http\\Request))
#16 /home/shagunchauhan/Dayuser/Projects/OS-LaravelAngular/backend/vendor/laravel/framework/src/Illuminate/Pipeline/Pipeline.php(104): Illuminate\\Routing\\Pipeline->Illuminate\\Routing\\{closure}(Object(Illuminate\\Http\\Request))
#17 /home/shagunchauhan/Dayuser/Projects/OS-LaravelAngular/backend/vendor/laravel/framework/src/Illuminate/Routing/Router.php(682): Illuminate\\Pipeline\\Pipeline->then(Object(Closure))
#18 /home/shagunchauhan/Dayuser/Projects/OS-LaravelAngular/backend/vendor/laravel/framework/src/Illuminate/Routing/Router.php(657): Illuminate\\Routing\\Router->runRouteWithinStack(Object(Illuminate\\Routing\\Route), Object(Illuminate\\Http\\Request))
#19 /home/shagunchauhan/Dayuser/Projects/OS-LaravelAngular/backend/vendor/laravel/framework/src/Illuminate/Routing/Router.php(623): Illuminate\\Routing\\Router->runRoute(Object(Illuminate\\Http\\Request), Object(Illuminate\\Routing\\Route))
#20 /home/shagunchauhan/Dayuser/Projects/OS-LaravelAngular/backend/vendor/laravel/framework/src/Illuminate/Routing/Router.php(612): Illuminate\\Routing\\Router->dispatchToRoute(Object(Illuminate\\Http\\Request))
#21 /home/shagunchauhan/Dayuser/Projects/OS-LaravelAngular/backend/vendor/laravel/framework/src/Illuminate/Foundation/Http/Kernel.php(176): Illuminate\\Routing\\Router->dispatch(Object(Illuminate\\Http\\Request))
#22 /home/shagunchauhan/Dayuser/Projects/OS-LaravelAngular/backend/vendor/laravel/framework/src/Illuminate/Routing/Pipeline.php(30): Illuminate\\Foundation\\Http\\Kernel->Illuminate\\Foundation\\Http\\{closure}(Object(Illuminate\\Http\\Request))
#23 /home/shagunchauhan/Dayuser/Projects/OS-LaravelAngular/backend/vendor/fideloper/proxy/src/TrustProxies.php(57): Illuminate\\Routing\\Pipeline->Illuminate\\Routing\\{closure}(Object(Illuminate\\Http\\Request))
#24 /home/shagunchauhan/Dayuser/Projects/OS-LaravelAngular/backend/vendor/laravel/framework/src/Illuminate/Pipeline/Pipeline.php(163): Fideloper\\Proxy\\TrustProxies->handle(Object(Illuminate\\Http\\Request), Object(Closure))
#25 /home/shagunchauhan/Dayuser/Projects/OS-LaravelAngular/backend/vendor/laravel/framework/src/Illuminate/Routing/Pipeline.php(53): Illuminate\\Pipeline\\Pipeline->Illuminate\\Pipeline\\{closure}(Object(Illuminate\\Http\\Request))
#26 /home/shagunchauhan/Dayuser/Projects/OS-LaravelAngular/backend/vendor/laravel/framework/src/Illuminate/Foundation/Http/Middleware/TransformsRequest.php(21): Illuminate\\Routing\\Pipeline->Illuminate\\Routing\\{closure}(Object(Illuminate\\Http\\Request))
#27 /home/shagunchauhan/Dayuser/Projects/OS-LaravelAngular/backend/vendor/laravel/framework/src/Illuminate/Pipeline/Pipeline.php(163): Illuminate\\Foundation\\Http\\Middleware\\TransformsRequest->handle(Object(Illuminate\\Http\\Request), Object(Closure))
#28 /home/shagunchauhan/Dayuser/Projects/OS-LaravelAngular/backend/vendor/laravel/framework/src/Illuminate/Routing/Pipeline.php(53): Illuminate\\Pipeline\\Pipeline->Illuminate\\Pipeline\\{closure}(Object(Illuminate\\Http\\Request))
#29 /home/shagunchauhan/Dayuser/Projects/OS-LaravelAngular/backend/vendor/laravel/framework/src/Illuminate/Foundation/Http/Middleware/TransformsRequest.php(21): Illuminate\\Routing\\Pipeline->Illuminate\\Routing\\{closure}(Object(Illuminate\\Http\\Request))
#30 /home/shagunchauhan/Dayuser/Projects/OS-LaravelAngular/backend/vendor/laravel/framework/src/Illuminate/Pipeline/Pipeline.php(163): Illuminate\\Foundation\\Http\\Middleware\\TransformsRequest->handle(Object(Illuminate\\Http\\Request), Object(Closure))
#31 /home/shagunchauhan/Dayuser/Projects/OS-LaravelAngular/backend/vendor/laravel/framework/src/Illuminate/Routing/Pipeline.php(53): Illuminate\\Pipeline\\Pipeline->Illuminate\\Pipeline\\{closure}(Object(Illuminate\\Http\\Request))
#32 /home/shagunchauhan/Dayuser/Projects/OS-LaravelAngular/backend/vendor/laravel/framework/src/Illuminate/Foundation/Http/Middleware/ValidatePostSize.php(27): Illuminate\\Routing\\Pipeline->Illuminate\\Routing\\{closure}(Object(Illuminate\\Http\\Request))
#33 /home/shagunchauhan/Dayuser/Projects/OS-LaravelAngular/backend/vendor/laravel/framework/src/Illuminate/Pipeline/Pipeline.php(163): Illuminate\\Foundation\\Http\\Middleware\\ValidatePostSize->handle(Object(Illuminate\\Http\\Request), Object(Closure))
#34 /home/shagunchauhan/Dayuser/Projects/OS-LaravelAngular/backend/vendor/laravel/framework/src/Illuminate/Routing/Pipeline.php(53): Illuminate\\Pipeline\\Pipeline->Illuminate\\Pipeline\\{closure}(Object(Illuminate\\Http\\Request))
#35 /home/shagunchauhan/Dayuser/Projects/OS-LaravelAngular/backend/vendor/laravel/framework/src/Illuminate/Foundation/Http/Middleware/CheckForMaintenanceMode.php(62): Illuminate\\Routing\\Pipeline->Illuminate\\Routing\\{closure}(Object(Illuminate\\Http\\Request))
#36 /home/shagunchauhan/Dayuser/Projects/OS-LaravelAngular/backend/vendor/laravel/framework/src/Illuminate/Pipeline/Pipeline.php(163): Illuminate\\Foundation\\Http\\Middleware\\CheckForMaintenanceMode->handle(Object(Illuminate\\Http\\Request), Object(Closure))
#37 /home/shagunchauhan/Dayuser/Projects/OS-LaravelAngular/backend/vendor/laravel/framework/src/Illuminate/Routing/Pipeline.php(53): Illuminate\\Pipeline\\Pipeline->Illuminate\\Pipeline\\{closure}(Object(Illuminate\\Http\\Request))
#38 /home/shagunchauhan/Dayuser/Projects/OS-LaravelAngular/backend/vendor/barryvdh/laravel-cors/src/HandlePreflight.php(29): Illuminate\\Routing\\Pipeline->Illuminate\\Routing\\{closure}(Object(Illuminate\\Http\\Request))
#39 /home/shagunchauhan/Dayuser/Projects/OS-LaravelAngular/backend/vendor/laravel/framework/src/Illuminate/Pipeline/Pipeline.php(163): Barryvdh\\Cors\\HandlePreflight->handle(Object(Illuminate\\Http\\Request), Object(Closure))
#40 /home/shagunchauhan/Dayuser/Projects/OS-LaravelAngular/backend/vendor/laravel/framework/src/Illuminate/Routing/Pipeline.php(53): Illuminate\\Pipeline\\Pipeline->Illuminate\\Pipeline\\{closure}(Object(Illuminate\\Http\\Request))
#41 /home/shagunchauhan/Dayuser/Projects/OS-LaravelAngular/backend/vendor/laravel/framework/src/Illuminate/Pipeline/Pipeline.php(104): Illuminate\\Routing\\Pipeline->Illuminate\\Routing\\{closure}(Object(Illuminate\\Http\\Request))
#42 /home/shagunchauhan/Dayuser/Projects/OS-LaravelAngular/backend/vendor/laravel/framework/src/Illuminate/Foundation/Http/Kernel.php(151): Illuminate\\Pipeline\\Pipeline->then(Object(Closure))
#43 /home/shagunchauhan/Dayuser/Projects/OS-LaravelAngular/backend/vendor/laravel/framework/src/Illuminate/Foundation/Http/Kernel.php(116): Illuminate\\Foundation\\Http\\Kernel->sendRequestThroughRouter(Object(Illuminate\\Http\\Request))
#44 /home/shagunchauhan/Dayuser/Projects/OS-LaravelAngular/backend/public/index.php(55): Illuminate\\Foundation\\Http\\Kernel->handle(Object(Illuminate\\Http\\Request))
#45 /home/shagunchauhan/Dayuser/Projects/OS-LaravelAngular/backend/server.php(21): require_once('/home/shaguncha...')
#46 {main}
"} 
[2019-08-01 05:00:51] local.ERROR: The user credentials were incorrect. {"exception":"[object] (League\\OAuth2\\Server\\Exception\\OAuthServerException(code: 6): The user credentials were incorrect. at /home/shagunchauhan/Dayuser/Projects/OS-LaravelAngular/backend/vendor/league/oauth2-server/src/Exception/OAuthServerException.php:172)
[stacktrace]
#0 /home/shagunchauhan/Dayuser/Projects/OS-LaravelAngular/backend/vendor/league/oauth2-server/src/Grant/PasswordGrant.php(104): League\\OAuth2\\Server\\Exception\\OAuthServerException::invalidCredentials()
#1 /home/shagunchauhan/Dayuser/Projects/OS-LaravelAngular/backend/vendor/league/oauth2-server/src/Grant/PasswordGrant.php(54): League\\OAuth2\\Server\\Grant\\PasswordGrant->validateUser(Object(Zend\\Diactoros\\ServerRequest), Object(Laravel\\Passport\\Bridge\\Client))
#2 /home/shagunchauhan/Dayuser/Projects/OS-LaravelAngular/backend/vendor/league/oauth2-server/src/AuthorizationServer.php(198): League\\OAuth2\\Server\\Grant\\PasswordGrant->respondToAccessTokenRequest(Object(Zend\\Diactoros\\ServerRequest), Object(League\\OAuth2\\Server\\ResponseTypes\\BearerTokenResponse), Object(DateInterval))
#3 /home/shagunchauhan/Dayuser/Projects/OS-LaravelAngular/backend/vendor/laravel/passport/src/Http/Controllers/AccessTokenController.php(63): League\\OAuth2\\Server\\AuthorizationServer->respondToAccessTokenRequest(Object(Zend\\Diactoros\\ServerRequest), Object(Zend\\Diactoros\\Response))
#4 /home/shagunchauhan/Dayuser/Projects/OS-LaravelAngular/backend/vendor/laravel/passport/src/Http/Controllers/HandlesOAuthErrors.php(28): Laravel\\Passport\\Http\\Controllers\\AccessTokenController->Laravel\\Passport\\Http\\Controllers\\{closure}()
#5 /home/shagunchauhan/Dayuser/Projects/OS-LaravelAngular/backend/vendor/laravel/passport/src/Http/Controllers/AccessTokenController.php(65): Laravel\\Passport\\Http\\Controllers\\AccessTokenController->withErrorHandling(Object(Closure))
#6 /home/shagunchauhan/Dayuser/Projects/OS-LaravelAngular/backend/vendor/laravel/framework/src/Illuminate/Routing/ControllerDispatcher.php(48): Laravel\\Passport\\Http\\Controllers\\AccessTokenController->issueToken(Object(Zend\\Diactoros\\ServerRequest))
#7 /home/shagunchauhan/Dayuser/Projects/OS-LaravelAngular/backend/vendor/laravel/framework/src/Illuminate/Routing/Route.php(219): Illuminate\\Routing\\ControllerDispatcher->dispatch(Object(Illuminate\\Routing\\Route), Object(Laravel\\Passport\\Http\\Controllers\\AccessTokenController), 'issueToken')
#8 /home/shagunchauhan/Dayuser/Projects/OS-LaravelAngular/backend/vendor/laravel/framework/src/Illuminate/Routing/Route.php(176): Illuminate\\Routing\\Route->runController()
#9 /home/shagunchauhan/Dayuser/Projects/OS-LaravelAngular/backend/vendor/laravel/framework/src/Illuminate/Routing/Router.php(680): Illuminate\\Routing\\Route->run()
#10 /home/shagunchauhan/Dayuser/Projects/OS-LaravelAngular/backend/vendor/laravel/framework/src/Illuminate/Routing/Pipeline.php(30): Illuminate\\Routing\\Router->Illuminate\\Routing\\{closure}(Object(Illuminate\\Http\\Request))
#11 /home/shagunchauhan/Dayuser/Projects/OS-LaravelAngular/backend/vendor/laravel/framework/src/Illuminate/Routing/Middleware/ThrottleRequests.php(58): Illuminate\\Routing\\Pipeline->Illuminate\\Routing\\{closure}(Object(Illuminate\\Http\\Request))
#12 /home/shagunchauhan/Dayuser/Projects/OS-LaravelAngular/backend/vendor/laravel/framework/src/Illuminate/Pipeline/Pipeline.php(163): Illuminate\\Routing\\Middleware\\ThrottleRequests->handle(Object(Illuminate\\Http\\Request), Object(Closure))
#13 /home/shagunchauhan/Dayuser/Projects/OS-LaravelAngular/backend/vendor/laravel/framework/src/Illuminate/Routing/Pipeline.php(53): Illuminate\\Pipeline\\Pipeline->Illuminate\\Pipeline\\{closure}(Object(Illuminate\\Http\\Request))
#14 /home/shagunchauhan/Dayuser/Projects/OS-LaravelAngular/backend/vendor/laravel/framework/src/Illuminate/Pipeline/Pipeline.php(104): Illuminate\\Routing\\Pipeline->Illuminate\\Routing\\{closure}(Object(Illuminate\\Http\\Request))
#15 /home/shagunchauhan/Dayuser/Projects/OS-LaravelAngular/backend/vendor/laravel/framework/src/Illuminate/Routing/Router.php(682): Illuminate\\Pipeline\\Pipeline->then(Object(Closure))
#16 /home/shagunchauhan/Dayuser/Projects/OS-LaravelAngular/backend/vendor/laravel/framework/src/Illuminate/Routing/Router.php(657): Illuminate\\Routing\\Router->runRouteWithinStack(Object(Illuminate\\Routing\\Route), Object(Illuminate\\Http\\Request))
#17 /home/shagunchauhan/Dayuser/Projects/OS-LaravelAngular/backend/vendor/laravel/framework/src/Illuminate/Routing/Router.php(623): Illuminate\\Routing\\Router->runRoute(Object(Illuminate\\Http\\Request), Object(Illuminate\\Routing\\Route))
#18 /home/shagunchauhan/Dayuser/Projects/OS-LaravelAngular/backend/vendor/laravel/framework/src/Illuminate/Routing/Router.php(612): Illuminate\\Routing\\Router->dispatchToRoute(Object(Illuminate\\Http\\Request))
#19 /home/shagunchauhan/Dayuser/Projects/OS-LaravelAngular/backend/vendor/laravel/framework/src/Illuminate/Foundation/Http/Kernel.php(176): Illuminate\\Routing\\Router->dispatch(Object(Illuminate\\Http\\Request))
#20 /home/shagunchauhan/Dayuser/Projects/OS-LaravelAngular/backend/vendor/laravel/framework/src/Illuminate/Routing/Pipeline.php(30): Illuminate\\Foundation\\Http\\Kernel->Illuminate\\Foundation\\Http\\{closure}(Object(Illuminate\\Http\\Request))
#21 /home/shagunchauhan/Dayuser/Projects/OS-LaravelAngular/backend/vendor/fideloper/proxy/src/TrustProxies.php(57): Illuminate\\Routing\\Pipeline->Illuminate\\Routing\\{closure}(Object(Illuminate\\Http\\Request))
#22 /home/shagunchauhan/Dayuser/Projects/OS-LaravelAngular/backend/vendor/laravel/framework/src/Illuminate/Pipeline/Pipeline.php(163): Fideloper\\Proxy\\TrustProxies->handle(Object(Illuminate\\Http\\Request), Object(Closure))
#23 /home/shagunchauhan/Dayuser/Projects/OS-LaravelAngular/backend/vendor/laravel/framework/src/Illuminate/Routing/Pipeline.php(53): Illuminate\\Pipeline\\Pipeline->Illuminate\\Pipeline\\{closure}(Object(Illuminate\\Http\\Request))
#24 /home/shagunchauhan/Dayuser/Projects/OS-LaravelAngular/backend/vendor/laravel/framework/src/Illuminate/Foundation/Http/Middleware/TransformsRequest.php(21): Illuminate\\Routing\\Pipeline->Illuminate\\Routing\\{closure}(Object(Illuminate\\Http\\Request))
#25 /home/shagunchauhan/Dayuser/Projects/OS-LaravelAngular/backend/vendor/laravel/framework/src/Illuminate/Pipeline/Pipeline.php(163): Illuminate\\Foundation\\Http\\Middleware\\TransformsRequest->handle(Object(Illuminate\\Http\\Request), Object(Closure))
#26 /home/shagunchauhan/Dayuser/Projects/OS-LaravelAngular/backend/vendor/laravel/framework/src/Illuminate/Routing/Pipeline.php(53): Illuminate\\Pipeline\\Pipeline->Illuminate\\Pipeline\\{closure}(Object(Illuminate\\Http\\Request))
#27 /home/shagunchauhan/Dayuser/Projects/OS-LaravelAngular/backend/vendor/laravel/framework/src/Illuminate/Foundation/Http/Middleware/TransformsRequest.php(21): Illuminate\\Routing\\Pipeline->Illuminate\\Routing\\{closure}(Object(Illuminate\\Http\\Request))
#28 /home/shagunchauhan/Dayuser/Projects/OS-LaravelAngular/backend/vendor/laravel/framework/src/Illuminate/Pipeline/Pipeline.php(163): Illuminate\\Foundation\\Http\\Middleware\\TransformsRequest->handle(Object(Illuminate\\Http\\Request), Object(Closure))
#29 /home/shagunchauhan/Dayuser/Projects/OS-LaravelAngular/backend/vendor/laravel/framework/src/Illuminate/Routing/Pipeline.php(53): Illuminate\\Pipeline\\Pipeline->Illuminate\\Pipeline\\{closure}(Object(Illuminate\\Http\\Request))
#30 /home/shagunchauhan/Dayuser/Projects/OS-LaravelAngular/backend/vendor/laravel/framework/src/Illuminate/Foundation/Http/Middleware/ValidatePostSize.php(27): Illuminate\\Routing\\Pipeline->Illuminate\\Routing\\{closure}(Object(Illuminate\\Http\\Request))
#31 /home/shagunchauhan/Dayuser/Projects/OS-LaravelAngular/backend/vendor/laravel/framework/src/Illuminate/Pipeline/Pipeline.php(163): Illuminate\\Foundation\\Http\\Middleware\\ValidatePostSize->handle(Object(Illuminate\\Http\\Request), Object(Closure))
#32 /home/shagunchauhan/Dayuser/Projects/OS-LaravelAngular/backend/vendor/laravel/framework/src/Illuminate/Routing/Pipeline.php(53): Illuminate\\Pipeline\\Pipeline->Illuminate\\Pipeline\\{closure}(Object(Illuminate\\Http\\Request))
#33 /home/shagunchauhan/Dayuser/Projects/OS-LaravelAngular/backend/vendor/laravel/framework/src/Illuminate/Foundation/Http/Middleware/CheckForMaintenanceMode.php(62): Illuminate\\Routing\\Pipeline->Illuminate\\Routing\\{closure}(Object(Illuminate\\Http\\Request))
#34 /home/shagunchauhan/Dayuser/Projects/OS-LaravelAngular/backend/vendor/laravel/framework/src/Illuminate/Pipeline/Pipeline.php(163): Illuminate\\Foundation\\Http\\Middleware\\CheckForMaintenanceMode->handle(Object(Illuminate\\Http\\Request), Object(Closure))
#35 /home/shagunchauhan/Dayuser/Projects/OS-LaravelAngular/backend/vendor/laravel/framework/src/Illuminate/Routing/Pipeline.php(53): Illuminate\\Pipeline\\Pipeline->Illuminate\\Pipeline\\{closure}(Object(Illuminate\\Http\\Request))
#36 /home/shagunchauhan/Dayuser/Projects/OS-LaravelAngular/backend/vendor/barryvdh/laravel-cors/src/HandlePreflight.php(29): Illuminate\\Routing\\Pipeline->Illuminate\\Routing\\{closure}(Object(Illuminate\\Http\\Request))
#37 /home/shagunchauhan/Dayuser/Projects/OS-LaravelAngular/backend/vendor/laravel/framework/src/Illuminate/Pipeline/Pipeline.php(163): Barryvdh\\Cors\\HandlePreflight->handle(Object(Illuminate\\Http\\Request), Object(Closure))
#38 /home/shagunchauhan/Dayuser/Projects/OS-LaravelAngular/backend/vendor/laravel/framework/src/Illuminate/Routing/Pipeline.php(53): Illuminate\\Pipeline\\Pipeline->Illuminate\\Pipeline\\{closure}(Object(Illuminate\\Http\\Request))
#39 /home/shagunchauhan/Dayuser/Projects/OS-LaravelAngular/backend/vendor/laravel/framework/src/Illuminate/Pipeline/Pipeline.php(104): Illuminate\\Routing\\Pipeline->Illuminate\\Routing\\{closure}(Object(Illuminate\\Http\\Request))
#40 /home/shagunchauhan/Dayuser/Projects/OS-LaravelAngular/backend/vendor/laravel/framework/src/Illuminate/Foundation/Http/Kernel.php(151): Illuminate\\Pipeline\\Pipeline->then(Object(Closure))
#41 /home/shagunchauhan/Dayuser/Projects/OS-LaravelAngular/backend/vendor/laravel/framework/src/Illuminate/Foundation/Http/Kernel.php(116): Illuminate\\Foundation\\Http\\Kernel->sendRequestThroughRouter(Object(Illuminate\\Http\\Request))
#42 /home/shagunchauhan/Dayuser/Projects/OS-LaravelAngular/backend/vendor/laravel/framework/src/Illuminate/Foundation/Application.php(875): Illuminate\\Foundation\\Http\\Kernel->handle(Object(Illuminate\\Http\\Request))
#43 /home/shagunchauhan/Dayuser/Projects/OS-LaravelAngular/backend/app/Http/Controllers/AuthController.php(98): Illuminate\\Foundation\\Application->handle(Object(Illuminate\\Http\\Request))
#44 [internal function]: App\\Http\\Controllers\\AuthController->doAuthenticateUser(Object(App\\Repository\\UserRepository))
#45 /home/shagunchauhan/Dayuser/Projects/OS-LaravelAngular/backend/vendor/laravel/framework/src/Illuminate/Routing/Controller.php(54): call_user_func_array(Array, Array)
#46 /home/shagunchauhan/Dayuser/Projects/OS-LaravelAngular/backend/vendor/laravel/framework/src/Illuminate/Routing/ControllerDispatcher.php(45): Illuminate\\Routing\\Controller->callAction('doAuthenticateU...', Array)
#47 /home/shagunchauhan/Dayuser/Projects/OS-LaravelAngular/backend/vendor/laravel/framework/src/Illuminate/Routing/Route.php(219): Illuminate\\Routing\\ControllerDispatcher->dispatch(Object(Illuminate\\Routing\\Route), Object(App\\Http\\Controllers\\AuthController), 'doAuthenticateU...')
#48 /home/shagunchauhan/Dayuser/Projects/OS-LaravelAngular/backend/vendor/laravel/framework/src/Illuminate/Routing/Route.php(176): Illuminate\\Routing\\Route->runController()
#49 /home/shagunchauhan/Dayuser/Projects/OS-LaravelAngular/backend/vendor/laravel/framework/src/Illuminate/Routing/Router.php(680): Illuminate\\Routing\\Route->run()
#50 /home/shagunchauhan/Dayuser/Projects/OS-LaravelAngular/backend/vendor/laravel/framework/src/Illuminate/Routing/Pipeline.php(30): Illuminate\\Routing\\Router->Illuminate\\Routing\\{closure}(Object(Illuminate\\Http\\Request))
#51 /home/shagunchauhan/Dayuser/Projects/OS-LaravelAngular/backend/vendor/laravel/framework/src/Illuminate/Routing/Middleware/SubstituteBindings.php(41): Illuminate\\Routing\\Pipeline->Illuminate\\Routing\\{closure}(Object(Illuminate\\Http\\Request))
#52 /home/shagunchauhan/Dayuser/Projects/OS-LaravelAngular/backend/vendor/laravel/framework/src/Illuminate/Pipeline/Pipeline.php(163): Illuminate\\Routing\\Middleware\\SubstituteBindings->handle(Object(Illuminate\\Http\\Request), Object(Closure))
#53 /home/shagunchauhan/Dayuser/Projects/OS-LaravelAngular/backend/vendor/laravel/framework/src/Illuminate/Routing/Pipeline.php(53): Illuminate\\Pipeline\\Pipeline->Illuminate\\Pipeline\\{closure}(Object(Illuminate\\Http\\Request))
#54 /home/shagunchauhan/Dayuser/Projects/OS-LaravelAngular/backend/vendor/laravel/framework/src/Illuminate/Routing/Middleware/ThrottleRequests.php(58): Illuminate\\Routing\\Pipeline->Illuminate\\Routing\\{closure}(Object(Illuminate\\Http\\Request))
#55 /home/shagunchauhan/Dayuser/Projects/OS-LaravelAngular/backend/vendor/laravel/framework/src/Illuminate/Pipeline/Pipeline.php(163): Illuminate\\Routing\\Middleware\\ThrottleRequests->handle(Object(Illuminate\\Http\\Request), Object(Closure), 60, '1')
#56 /home/shagunchauhan/Dayuser/Projects/OS-LaravelAngular/backend/vendor/laravel/framework/src/Illuminate/Routing/Pipeline.php(53): Illuminate\\Pipeline\\Pipeline->Illuminate\\Pipeline\\{closure}(Object(Illuminate\\Http\\Request))
#57 /home/shagunchauhan/Dayuser/Projects/OS-LaravelAngular/backend/vendor/laravel/framework/src/Illuminate/Pipeline/Pipeline.php(104): Illuminate\\Routing\\Pipeline->Illuminate\\Routing\\{closure}(Object(Illuminate\\Http\\Request))
#58 /home/shagunchauhan/Dayuser/Projects/OS-LaravelAngular/backend/vendor/laravel/framework/src/Illuminate/Routing/Router.php(682): Illuminate\\Pipeline\\Pipeline->then(Object(Closure))
#59 /home/shagunchauhan/Dayuser/Projects/OS-LaravelAngular/backend/vendor/laravel/framework/src/Illuminate/Routing/Router.php(657): Illuminate\\Routing\\Router->runRouteWithinStack(Object(Illuminate\\Routing\\Route), Object(Illuminate\\Http\\Request))
#60 /home/shagunchauhan/Dayuser/Projects/OS-LaravelAngular/backend/vendor/laravel/framework/src/Illuminate/Routing/Router.php(623): Illuminate\\Routing\\Router->runRoute(Object(Illuminate\\Http\\Request), Object(Illuminate\\Routing\\Route))
#61 /home/shagunchauhan/Dayuser/Projects/OS-LaravelAngular/backend/vendor/laravel/framework/src/Illuminate/Routing/Router.php(612): Illuminate\\Routing\\Router->dispatchToRoute(Object(Illuminate\\Http\\Request))
#62 /home/shagunchauhan/Dayuser/Projects/OS-LaravelAngular/backend/vendor/laravel/framework/src/Illuminate/Foundation/Http/Kernel.php(176): Illuminate\\Routing\\Router->dispatch(Object(Illuminate\\Http\\Request))
#63 /home/shagunchauhan/Dayuser/Projects/OS-LaravelAngular/backend/vendor/laravel/framework/src/Illuminate/Routing/Pipeline.php(30): Illuminate\\Foundation\\Http\\Kernel->Illuminate\\Foundation\\Http\\{closure}(Object(Illuminate\\Http\\Request))
#64 /home/shagunchauhan/Dayuser/Projects/OS-LaravelAngular/backend/vendor/fideloper/proxy/src/TrustProxies.php(57): Illuminate\\Routing\\Pipeline->Illuminate\\Routing\\{closure}(Object(Illuminate\\Http\\Request))
#65 /home/shagunchauhan/Dayuser/Projects/OS-LaravelAngular/backend/vendor/laravel/framework/src/Illuminate/Pipeline/Pipeline.php(163): Fideloper\\Proxy\\TrustProxies->handle(Object(Illuminate\\Http\\Request), Object(Closure))
#66 /home/shagunchauhan/Dayuser/Projects/OS-LaravelAngular/backend/vendor/laravel/framework/src/Illuminate/Routing/Pipeline.php(53): Illuminate\\Pipeline\\Pipeline->Illuminate\\Pipeline\\{closure}(Object(Illuminate\\Http\\Request))
#67 /home/shagunchauhan/Dayuser/Projects/OS-LaravelAngular/backend/vendor/laravel/framework/src/Illuminate/Foundation/Http/Middleware/TransformsRequest.php(21): Illuminate\\Routing\\Pipeline->Illuminate\\Routing\\{closure}(Object(Illuminate\\Http\\Request))
#68 /home/shagunchauhan/Dayuser/Projects/OS-LaravelAngular/backend/vendor/laravel/framework/src/Illuminate/Pipeline/Pipeline.php(163): Illuminate\\Foundation\\Http\\Middleware\\TransformsRequest->handle(Object(Illuminate\\Http\\Request), Object(Closure))
#69 /home/shagunchauhan/Dayuser/Projects/OS-LaravelAngular/backend/vendor/laravel/framework/src/Illuminate/Routing/Pipeline.php(53): Illuminate\\Pipeline\\Pipeline->Illuminate\\Pipeline\\{closure}(Object(Illuminate\\Http\\Request))
#70 /home/shagunchauhan/Dayuser/Projects/OS-LaravelAngular/backend/vendor/laravel/framework/src/Illuminate/Foundation/Http/Middleware/TransformsRequest.php(21): Illuminate\\Routing\\Pipeline->Illuminate\\Routing\\{closure}(Object(Illuminate\\Http\\Request))
#71 /home/shagunchauhan/Dayuser/Projects/OS-LaravelAngular/backend/vendor/laravel/framework/src/Illuminate/Pipeline/Pipeline.php(163): Illuminate\\Foundation\\Http\\Middleware\\TransformsRequest->handle(Object(Illuminate\\Http\\Request), Object(Closure))
#72 /home/shagunchauhan/Dayuser/Projects/OS-LaravelAngular/backend/vendor/laravel/framework/src/Illuminate/Routing/Pipeline.php(53): Illuminate\\Pipeline\\Pipeline->Illuminate\\Pipeline\\{closure}(Object(Illuminate\\Http\\Request))
#73 /home/shagunchauhan/Dayuser/Projects/OS-LaravelAngular/backend/vendor/laravel/framework/src/Illuminate/Foundation/Http/Middleware/ValidatePostSize.php(27): Illuminate\\Routing\\Pipeline->Illuminate\\Routing\\{closure}(Object(Illuminate\\Http\\Request))
#74 /home/shagunchauhan/Dayuser/Projects/OS-LaravelAngular/backend/vendor/laravel/framework/src/Illuminate/Pipeline/Pipeline.php(163): Illuminate\\Foundation\\Http\\Middleware\\ValidatePostSize->handle(Object(Illuminate\\Http\\Request), Object(Closure))
#75 /home/shagunchauhan/Dayuser/Projects/OS-LaravelAngular/backend/vendor/laravel/framework/src/Illuminate/Routing/Pipeline.php(53): Illuminate\\Pipeline\\Pipeline->Illuminate\\Pipeline\\{closure}(Object(Illuminate\\Http\\Request))
#76 /home/shagunchauhan/Dayuser/Projects/OS-LaravelAngular/backend/vendor/laravel/framework/src/Illuminate/Foundation/Http/Middleware/CheckForMaintenanceMode.php(62): Illuminate\\Routing\\Pipeline->Illuminate\\Routing\\{closure}(Object(Illuminate\\Http\\Request))
#77 /home/shagunchauhan/Dayuser/Projects/OS-LaravelAngular/backend/vendor/laravel/framework/src/Illuminate/Pipeline/Pipeline.php(163): Illuminate\\Foundation\\Http\\Middleware\\CheckForMaintenanceMode->handle(Object(Illuminate\\Http\\Request), Object(Closure))
#78 /home/shagunchauhan/Dayuser/Projects/OS-LaravelAngular/backend/vendor/laravel/framework/src/Illuminate/Routing/Pipeline.php(53): Illuminate\\Pipeline\\Pipeline->Illuminate\\Pipeline\\{closure}(Object(Illuminate\\Http\\Request))
#79 /home/shagunchauhan/Dayuser/Projects/OS-LaravelAngular/backend/vendor/barryvdh/laravel-cors/src/HandlePreflight.php(29): Illuminate\\Routing\\Pipeline->Illuminate\\Routing\\{closure}(Object(Illuminate\\Http\\Request))
#80 /home/shagunchauhan/Dayuser/Projects/OS-LaravelAngular/backend/vendor/laravel/framework/src/Illuminate/Pipeline/Pipeline.php(163): Barryvdh\\Cors\\HandlePreflight->handle(Object(Illuminate\\Http\\Request), Object(Closure))
#81 /home/shagunchauhan/Dayuser/Projects/OS-LaravelAngular/backend/vendor/laravel/framework/src/Illuminate/Routing/Pipeline.php(53): Illuminate\\Pipeline\\Pipeline->Illuminate\\Pipeline\\{closure}(Object(Illuminate\\Http\\Request))
#82 /home/shagunchauhan/Dayuser/Projects/OS-LaravelAngular/backend/vendor/laravel/framework/src/Illuminate/Pipeline/Pipeline.php(104): Illuminate\\Routing\\Pipeline->Illuminate\\Routing\\{closure}(Object(Illuminate\\Http\\Request))
#83 /home/shagunchauhan/Dayuser/Projects/OS-LaravelAngular/backend/vendor/laravel/framework/src/Illuminate/Foundation/Http/Kernel.php(151): Illuminate\\Pipeline\\Pipeline->then(Object(Closure))
#84 /home/shagunchauhan/Dayuser/Projects/OS-LaravelAngular/backend/vendor/laravel/framework/src/Illuminate/Foundation/Http/Kernel.php(116): Illuminate\\Foundation\\Http\\Kernel->sendRequestThroughRouter(Object(Illuminate\\Http\\Request))
#85 /home/shagunchauhan/Dayuser/Projects/OS-LaravelAngular/backend/public/index.php(55): Illuminate\\Foundation\\Http\\Kernel->handle(Object(Illuminate\\Http\\Request))
#86 /home/shagunchauhan/Dayuser/Projects/OS-LaravelAngular/backend/server.php(21): require_once('/home/shaguncha...')
#87 {main}
"} 
[2019-08-01 12:26:13] local.ERROR: Class 'App\Http\Controllers\Admin\User' not found {"userId":1,"exception":"[object] (Symfony\\Component\\Debug\\Exception\\FatalThrowableError(code: 0): Class 'App\\Http\\Controllers\\Admin\\User' not found at /home/shagunchauhan/Dayuser/Projects/OS-LaravelAngular/backend/app/Http/Controllers/Admin/AdminManagementController.php:58)
[stacktrace]
#0 [internal function]: App\\Http\\Controllers\\Admin\\AdminManagementController->getAdminData(Object(Illuminate\\Http\\Request))
#1 /home/shagunchauhan/Dayuser/Projects/OS-LaravelAngular/backend/vendor/laravel/framework/src/Illuminate/Routing/Controller.php(54): call_user_func_array(Array, Array)
#2 /home/shagunchauhan/Dayuser/Projects/OS-LaravelAngular/backend/vendor/laravel/framework/src/Illuminate/Routing/ControllerDispatcher.php(45): Illuminate\\Routing\\Controller->callAction('getAdminData', Array)
#3 /home/shagunchauhan/Dayuser/Projects/OS-LaravelAngular/backend/vendor/laravel/framework/src/Illuminate/Routing/Route.php(219): Illuminate\\Routing\\ControllerDispatcher->dispatch(Object(Illuminate\\Routing\\Route), Object(App\\Http\\Controllers\\Admin\\AdminManagementController), 'getAdminData')
#4 /home/shagunchauhan/Dayuser/Projects/OS-LaravelAngular/backend/vendor/laravel/framework/src/Illuminate/Routing/Route.php(176): Illuminate\\Routing\\Route->runController()
#5 /home/shagunchauhan/Dayuser/Projects/OS-LaravelAngular/backend/vendor/laravel/framework/src/Illuminate/Routing/Router.php(680): Illuminate\\Routing\\Route->run()
#6 /home/shagunchauhan/Dayuser/Projects/OS-LaravelAngular/backend/vendor/laravel/framework/src/Illuminate/Routing/Pipeline.php(30): Illuminate\\Routing\\Router->Illuminate\\Routing\\{closure}(Object(Illuminate\\Http\\Request))
#7 /home/shagunchauhan/Dayuser/Projects/OS-LaravelAngular/backend/vendor/laravel/framework/src/Illuminate/Routing/Middleware/SubstituteBindings.php(41): Illuminate\\Routing\\Pipeline->Illuminate\\Routing\\{closure}(Object(Illuminate\\Http\\Request))
#8 /home/shagunchauhan/Dayuser/Projects/OS-LaravelAngular/backend/vendor/laravel/framework/src/Illuminate/Pipeline/Pipeline.php(163): Illuminate\\Routing\\Middleware\\SubstituteBindings->handle(Object(Illuminate\\Http\\Request), Object(Closure))
#9 /home/shagunchauhan/Dayuser/Projects/OS-LaravelAngular/backend/vendor/laravel/framework/src/Illuminate/Routing/Pipeline.php(53): Illuminate\\Pipeline\\Pipeline->Illuminate\\Pipeline\\{closure}(Object(Illuminate\\Http\\Request))
#10 /home/shagunchauhan/Dayuser/Projects/OS-LaravelAngular/backend/vendor/laravel/framework/src/Illuminate/Auth/Middleware/Authenticate.php(43): Illuminate\\Routing\\Pipeline->Illuminate\\Routing\\{closure}(Object(Illuminate\\Http\\Request))
#11 /home/shagunchauhan/Dayuser/Projects/OS-LaravelAngular/backend/vendor/laravel/framework/src/Illuminate/Pipeline/Pipeline.php(163): Illuminate\\Auth\\Middleware\\Authenticate->handle(Object(Illuminate\\Http\\Request), Object(Closure), 'api')
#12 /home/shagunchauhan/Dayuser/Projects/OS-LaravelAngular/backend/vendor/laravel/framework/src/Illuminate/Routing/Pipeline.php(53): Illuminate\\Pipeline\\Pipeline->Illuminate\\Pipeline\\{closure}(Object(Illuminate\\Http\\Request))
#13 /home/shagunchauhan/Dayuser/Projects/OS-LaravelAngular/backend/vendor/laravel/framework/src/Illuminate/Routing/Middleware/ThrottleRequests.php(58): Illuminate\\Routing\\Pipeline->Illuminate\\Routing\\{closure}(Object(Illuminate\\Http\\Request))
#14 /home/shagunchauhan/Dayuser/Projects/OS-LaravelAngular/backend/vendor/laravel/framework/src/Illuminate/Pipeline/Pipeline.php(163): Illuminate\\Routing\\Middleware\\ThrottleRequests->handle(Object(Illuminate\\Http\\Request), Object(Closure), 60, '1')
#15 /home/shagunchauhan/Dayuser/Projects/OS-LaravelAngular/backend/vendor/laravel/framework/src/Illuminate/Routing/Pipeline.php(53): Illuminate\\Pipeline\\Pipeline->Illuminate\\Pipeline\\{closure}(Object(Illuminate\\Http\\Request))
#16 /home/shagunchauhan/Dayuser/Projects/OS-LaravelAngular/backend/vendor/laravel/framework/src/Illuminate/Pipeline/Pipeline.php(104): Illuminate\\Routing\\Pipeline->Illuminate\\Routing\\{closure}(Object(Illuminate\\Http\\Request))
#17 /home/shagunchauhan/Dayuser/Projects/OS-LaravelAngular/backend/vendor/laravel/framework/src/Illuminate/Routing/Router.php(682): Illuminate\\Pipeline\\Pipeline->then(Object(Closure))
#18 /home/shagunchauhan/Dayuser/Projects/OS-LaravelAngular/backend/vendor/laravel/framework/src/Illuminate/Routing/Router.php(657): Illuminate\\Routing\\Router->runRouteWithinStack(Object(Illuminate\\Routing\\Route), Object(Illuminate\\Http\\Request))
#19 /home/shagunchauhan/Dayuser/Projects/OS-LaravelAngular/backend/vendor/laravel/framework/src/Illuminate/Routing/Router.php(623): Illuminate\\Routing\\Router->runRoute(Object(Illuminate\\Http\\Request), Object(Illuminate\\Routing\\Route))
#20 /home/shagunchauhan/Dayuser/Projects/OS-LaravelAngular/backend/vendor/laravel/framework/src/Illuminate/Routing/Router.php(612): Illuminate\\Routing\\Router->dispatchToRoute(Object(Illuminate\\Http\\Request))
#21 /home/shagunchauhan/Dayuser/Projects/OS-LaravelAngular/backend/vendor/laravel/framework/src/Illuminate/Foundation/Http/Kernel.php(176): Illuminate\\Routing\\Router->dispatch(Object(Illuminate\\Http\\Request))
#22 /home/shagunchauhan/Dayuser/Projects/OS-LaravelAngular/backend/vendor/laravel/framework/src/Illuminate/Routing/Pipeline.php(30): Illuminate\\Foundation\\Http\\Kernel->Illuminate\\Foundation\\Http\\{closure}(Object(Illuminate\\Http\\Request))
#23 /home/shagunchauhan/Dayuser/Projects/OS-LaravelAngular/backend/vendor/fideloper/proxy/src/TrustProxies.php(57): Illuminate\\Routing\\Pipeline->Illuminate\\Routing\\{closure}(Object(Illuminate\\Http\\Request))
#24 /home/shagunchauhan/Dayuser/Projects/OS-LaravelAngular/backend/vendor/laravel/framework/src/Illuminate/Pipeline/Pipeline.php(163): Fideloper\\Proxy\\TrustProxies->handle(Object(Illuminate\\Http\\Request), Object(Closure))
#25 /home/shagunchauhan/Dayuser/Projects/OS-LaravelAngular/backend/vendor/laravel/framework/src/Illuminate/Routing/Pipeline.php(53): Illuminate\\Pipeline\\Pipeline->Illuminate\\Pipeline\\{closure}(Object(Illuminate\\Http\\Request))
#26 /home/shagunchauhan/Dayuser/Projects/OS-LaravelAngular/backend/vendor/laravel/framework/src/Illuminate/Foundation/Http/Middleware/TransformsRequest.php(21): Illuminate\\Routing\\Pipeline->Illuminate\\Routing\\{closure}(Object(Illuminate\\Http\\Request))
#27 /home/shagunchauhan/Dayuser/Projects/OS-LaravelAngular/backend/vendor/laravel/framework/src/Illuminate/Pipeline/Pipeline.php(163): Illuminate\\Foundation\\Http\\Middleware\\TransformsRequest->handle(Object(Illuminate\\Http\\Request), Object(Closure))
#28 /home/shagunchauhan/Dayuser/Projects/OS-LaravelAngular/backend/vendor/laravel/framework/src/Illuminate/Routing/Pipeline.php(53): Illuminate\\Pipeline\\Pipeline->Illuminate\\Pipeline\\{closure}(Object(Illuminate\\Http\\Request))
#29 /home/shagunchauhan/Dayuser/Projects/OS-LaravelAngular/backend/vendor/laravel/framework/src/Illuminate/Foundation/Http/Middleware/TransformsRequest.php(21): Illuminate\\Routing\\Pipeline->Illuminate\\Routing\\{closure}(Object(Illuminate\\Http\\Request))
#30 /home/shagunchauhan/Dayuser/Projects/OS-LaravelAngular/backend/vendor/laravel/framework/src/Illuminate/Pipeline/Pipeline.php(163): Illuminate\\Foundation\\Http\\Middleware\\TransformsRequest->handle(Object(Illuminate\\Http\\Request), Object(Closure))
#31 /home/shagunchauhan/Dayuser/Projects/OS-LaravelAngular/backend/vendor/laravel/framework/src/Illuminate/Routing/Pipeline.php(53): Illuminate\\Pipeline\\Pipeline->Illuminate\\Pipeline\\{closure}(Object(Illuminate\\Http\\Request))
#32 /home/shagunchauhan/Dayuser/Projects/OS-LaravelAngular/backend/vendor/laravel/framework/src/Illuminate/Foundation/Http/Middleware/ValidatePostSize.php(27): Illuminate\\Routing\\Pipeline->Illuminate\\Routing\\{closure}(Object(Illuminate\\Http\\Request))
#33 /home/shagunchauhan/Dayuser/Projects/OS-LaravelAngular/backend/vendor/laravel/framework/src/Illuminate/Pipeline/Pipeline.php(163): Illuminate\\Foundation\\Http\\Middleware\\ValidatePostSize->handle(Object(Illuminate\\Http\\Request), Object(Closure))
#34 /home/shagunchauhan/Dayuser/Projects/OS-LaravelAngular/backend/vendor/laravel/framework/src/Illuminate/Routing/Pipeline.php(53): Illuminate\\Pipeline\\Pipeline->Illuminate\\Pipeline\\{closure}(Object(Illuminate\\Http\\Request))
#35 /home/shagunchauhan/Dayuser/Projects/OS-LaravelAngular/backend/vendor/laravel/framework/src/Illuminate/Foundation/Http/Middleware/CheckForMaintenanceMode.php(62): Illuminate\\Routing\\Pipeline->Illuminate\\Routing\\{closure}(Object(Illuminate\\Http\\Request))
#36 /home/shagunchauhan/Dayuser/Projects/OS-LaravelAngular/backend/vendor/laravel/framework/src/Illuminate/Pipeline/Pipeline.php(163): Illuminate\\Foundation\\Http\\Middleware\\CheckForMaintenanceMode->handle(Object(Illuminate\\Http\\Request), Object(Closure))
#37 /home/shagunchauhan/Dayuser/Projects/OS-LaravelAngular/backend/vendor/laravel/framework/src/Illuminate/Routing/Pipeline.php(53): Illuminate\\Pipeline\\Pipeline->Illuminate\\Pipeline\\{closure}(Object(Illuminate\\Http\\Request))
#38 /home/shagunchauhan/Dayuser/Projects/OS-LaravelAngular/backend/vendor/barryvdh/laravel-cors/src/HandlePreflight.php(29): Illuminate\\Routing\\Pipeline->Illuminate\\Routing\\{closure}(Object(Illuminate\\Http\\Request))
#39 /home/shagunchauhan/Dayuser/Projects/OS-LaravelAngular/backend/vendor/laravel/framework/src/Illuminate/Pipeline/Pipeline.php(163): Barryvdh\\Cors\\HandlePreflight->handle(Object(Illuminate\\Http\\Request), Object(Closure))
#40 /home/shagunchauhan/Dayuser/Projects/OS-LaravelAngular/backend/vendor/laravel/framework/src/Illuminate/Routing/Pipeline.php(53): Illuminate\\Pipeline\\Pipeline->Illuminate\\Pipeline\\{closure}(Object(Illuminate\\Http\\Request))
#41 /home/shagunchauhan/Dayuser/Projects/OS-LaravelAngular/backend/vendor/laravel/framework/src/Illuminate/Pipeline/Pipeline.php(104): Illuminate\\Routing\\Pipeline->Illuminate\\Routing\\{closure}(Object(Illuminate\\Http\\Request))
#42 /home/shagunchauhan/Dayuser/Projects/OS-LaravelAngular/backend/vendor/laravel/framework/src/Illuminate/Foundation/Http/Kernel.php(151): Illuminate\\Pipeline\\Pipeline->then(Object(Closure))
#43 /home/shagunchauhan/Dayuser/Projects/OS-LaravelAngular/backend/vendor/laravel/framework/src/Illuminate/Foundation/Http/Kernel.php(116): Illuminate\\Foundation\\Http\\Kernel->sendRequestThroughRouter(Object(Illuminate\\Http\\Request))
#44 /home/shagunchauhan/Dayuser/Projects/OS-LaravelAngular/backend/public/index.php(55): Illuminate\\Foundation\\Http\\Kernel->handle(Object(Illuminate\\Http\\Request))
#45 /home/shagunchauhan/Dayuser/Projects/OS-LaravelAngular/backend/server.php(21): require_once('/home/shaguncha...')
#46 {main}
"} 
